22d1c30d-1760-49df-8199-5192ed9342a4:1710943493827:19:S:select employee_id, last_name, salary, department_id from employees where employee_id=&employee_num;
d1fb25b0-4f70-452f-8bfe-983e30137256:1710943509051:13:S:select employee_id, last_name, salary, department_id from employees where employee_id=&employee_num;
c2015bb4-5737-4be7-8aec-8955cfa85e63:1710943669559:0:F:select employee_id, last_name, job_id, &column_name from employees order by &order_column;
f4bafe97-f05f-4750-af3a-9e85e12ce556:1710943850387:26:S:select * from jobs order by job_id;
ab0a71a6-f1a9-466d-944b-79e2d68e8e8a:1710943850652:143:S:describe jobs;
fa448c13-956f-47c4-be37-fc2dc547bc8c:1710943851426:9:S:select * from jobs;
c4931da0-da3f-4cd8-994c-25339b5542e3:1710943851520:9:S:select job_id from jobs;
c835412e-52df-4a9e-89ce-a2a0972aa0a8:1710943851660:7:S:select job_id, min_salary from jobs;
263eca2d-2e46-4649-93d7-49c89d243d26:1710943851748:6:S:select job_id as trabajo, min_salary as salario_minimo from jobs;
5b32c42e-7996-4a3f-a1e6-d2bcbf4e04cb:1710943851833:7:S:select job_id as "Trabajo", min_salary as salario_minimo from jobs;
e9533ad1-616f-4c78-ae01-41b63d5b90e4:1710943851912:7:S:select job_id as "Trabajo", min_salary as "Salario minimo" from jobs;
491f1924-f1eb-4736-9177-647bc0e40fe6:1710943852038:7:S:select job_id, min_salary, min_salary*12 as "Salario anual" from jobs;
b9ef6d73-707a-47f6-a3b5-fe7074d049ec:1710943852131:135:S:describe employees;
43b3e1b4-782d-42e5-b95b-9367493597ce:1710943852948:30:S:select last_name, salary, 12*salary+100, 12*(salary+100) from employees;
73637eb9-578c-42d0-af7d-4c0f3146654e:1710943853104:52:S:describe employees;
d0920e1f-b6c3-4bb4-a0ed-7e7eff88813d:1710943853219:28:S:select first_name || last_name as "Name", department_id from employees;
f498e035-14f3-429d-8491-3e35c6738e94:1710943853308:25:S:select first_name || ' ' || last_name as "Name", department_id from employees;
dbbf0c14-31cd-48b6-8d9f-129531837ad4:1710943853522:33:S:select first_name || ' ' || 'gana' || ' ' || salary as "Salario por empleado" from employees;
43e852c8-c49a-4cdd-9da3-7c9a76a7faf0:1710943853696:17:S:select department_id from employees;
87fe9850-2425-4c48-99a3-35084a316428:1710943853793:6:S:select distinct department_id from employees;
3a54c719-59dd-47cd-a444-ef3a0e1d282e:1710943853877:37:S:select distinct department_id, job_id from employees;
dbb9618d-ff70-403b-83ba-017eec6f555e:1710943854034:4:S:select department_name from departments where department_id=90;
5505e3b8-82ef-478d-a024-b5656baa8f6e:1710943854113:31:S:desc job_history;
4f423595-2c67-4162-bb73-ea9b81637ce7:1710943854739:84:S:select * from job_history;
d9edd9c4-ab30-4a28-b6d3-af17b474c39a:1710943854905:6:S:select * from job_history where job_id='AC_ACCOUNT';
748591eb-b25b-47d7-8f27-e0b1d15c423d:1710943854993:3:S:select * from countries where region_id=4;
6b0dc423-454a-462b-88d1-01783517736c:1710943855092:25:S:desc regions;
31370804-70e8-464e-86d6-a9e9bb6f5277:1710943855773:5:S:select region_name from regions where region_id=4;
8165e87b-8fc9-46c5-84d8-0be93303e13f:1710943855861:3:S:select first_name || ' ' || last_name as "Name", commission_pct from employees where commission_pct>=0.35;
2ce6f2f7-f19f-4282-8e34-3574360fa089:1710943855958:9:S:select first_name || ' ' || last_name as "Name", department_id from employees where department_id in (10,20,50);
118c158f-097f-4402-9722-0a30922910ed:1710943856049:14:S:select employee_id, email, department_id from employees where department_id <> 80;
d459eeae-8058-4ae0-be9f-a2e08606788d:1710943856147:7:S:select employee_id, salary from employees where salary between 10500 and 11000;
ac36ae96-fd0c-47fe-9165-20e55de55ae8:1710943856266:7:S:select employee_id, manager_id from employees where first_name like 'K%';
2c686a17-a708-4841-a529-d38e716065a2:1710943856354:9:S:select first_name,employee_id, manager_id from employees where first_name like 'K%';
c652061e-fd23-4767-9900-1df1870c0316:1710943856441:5:S:select last_name, job_id from employees where job_id like '%_T';
d7058dff-9df7-44e5-8dee-ec4a737ae969:1710943856524:5:S:select last_name, job_id from employees where job_id like 'AD_%';
60f6456a-29fe-48f9-a573-31f0af285238:1710943856670:7:S:select employee_id, last_name, job_id from employees where salary >= 10000 and job_id like '%MAN%';
